--
* Mon Jun 28 08:51:22 UTC 2021
* Tue Jun 29 11:59:35 UTC 2021
* Wed Jun 30 07:06:46 UTC 2021
* Fri Jul  2 07:05:40 UTC 2021
* Sat Jul  3 07:05:22 UTC 2021
* Sun Jul  4 07:05:40 UTC 2021
* Mon Jul  5 07:05:39 UTC 2021
* Tue Jul  6 07:06:05 UTC 2021
* Thu Jul  8 07:05:37 UTC 2021
* Fri Jul  9 07:05:33 UTC 2021
* Sat Jul 10 07:05:38 UTC 2021
* Mon Jul 12 07:05:54 UTC 2021
* Tue Jul 13 07:05:34 UTC 2021
* Wed Jul 14 07:31:52 UTC 2021
* Thu Jul 15 07:05:49 UTC 2021
* Fri Jul 16 07:05:51 UTC 2021
* Sat Jul 17 07:05:40 UTC 2021
* Sun Jul 18 07:05:55 UTC 2021
* Mon Jul 19 07:05:33 UTC 2021
* Tue Jul 20 07:05:38 UTC 2021
* Wed Jul 21 07:05:24 UTC 2021
* Fri Jul 23 07:05:41 UTC 2021
* Sat Jul 24 07:05:32 UTC 2021
* Sun Jul 25 07:05:46 UTC 2021
* Mon Jul 26 07:05:54 UTC 2021
* Tue Jul 27 07:05:47 UTC 2021
* Wed Jul 28 07:06:11 UTC 2021
* Thu Jul 29 07:05:58 UTC 2021
* Fri Jul 30 07:05:34 UTC 2021
* Sat Jul 31 07:05:44 UTC 2021
* Sun Aug  1 07:05:51 UTC 2021
